<?xml version="1.0" encoding="UTF-8"?>
<!-- Generated by org.testng.reporters.JUnitReportReporter -->
<testsuite hostname="DESKTOP-0HTS3JF" failures="0" tests="1" name="Demo.Test2" time="0.001" errors="0" timestamp="2023-01-09T15:58:21 IST" skipped="0">
  <testcase classname="Demo.Test2" name="m2" time="0.001"/>
  <system-out>
    <![CDATA[bye]]>
  </system-out>
</testsuite> <!-- Demo.Test2 -->
